\BOOKMARK [1][-]{section.1}{前言}{}% 1
\BOOKMARK [2][-]{subsection.1.1}{关于user/primes.c超时}{section.1}% 2
\BOOKMARK [2][-]{subsection.1.2}{关于ticket spinlock}{section.1}% 3
\BOOKMARK [2][-]{subsection.1.3}{关于Challenge}{section.1}% 4
\BOOKMARK [1][-]{section.2}{Part\040A:\040Multiprocessor\040Support\040and\040Cooperative\040Multitasking}{}% 5
\BOOKMARK [2][-]{subsection.2.1}{Multiprocessor\040Support}{section.2}% 6
\BOOKMARK [2][-]{subsection.2.2}{Application\040Processor\040Bootstrap}{section.2}% 7
\BOOKMARK [2][-]{subsection.2.3}{Per-CPU\040State\040and\040Initialization}{section.2}% 8
\BOOKMARK [2][-]{subsection.2.4}{Locking}{section.2}% 9
\BOOKMARK [2][-]{subsection.2.5}{Round-Robin\040Scheduling}{section.2}% 10
\BOOKMARK [2][-]{subsection.2.6}{System\040Calls\040for\040Environment\040Creation}{section.2}% 11
\BOOKMARK [1][-]{section.3}{Part\040B:\040Copy-on-Write\040Fork}{}% 12
\BOOKMARK [2][-]{subsection.3.1}{User-level\040page\040fault\040handling}{section.3}% 13
\BOOKMARK [1][-]{section.4}{Setting\040the\040Page\040Fault\040Handler}{}% 14
\BOOKMARK [2][-]{subsection.4.1}{Normal\040and\040Exception\040Stacks\040in\040User\040Environments}{section.4}% 15
\BOOKMARK [2][-]{subsection.4.2}{Invoking\040the\040User\040Page\040Fault\040Handler}{section.4}% 16
\BOOKMARK [2][-]{subsection.4.3}{User-mode\040Page\040Fault\040Entrypoint}{section.4}% 17
\BOOKMARK [2][-]{subsection.4.4}{Implementing\040Copy-on-Write\040Fork}{section.4}% 18
\BOOKMARK [1][-]{section.5}{Part\040C:\040Preemptive\040Multitasking\040and\040Inter-Process\040communication\040\(IPC\)}{}% 19
\BOOKMARK [2][-]{subsection.5.1}{Interrupt\040discipline}{section.5}% 20
\BOOKMARK [2][-]{subsection.5.2}{Handling\040Clock\040Interrupts}{section.5}% 21
\BOOKMARK [2][-]{subsection.5.3}{Inter-Process\040communication\040\(IPC\)}{section.5}% 22
\BOOKMARK [2][-]{subsection.5.4}{Implementing\040IPC}{section.5}% 23
\BOOKMARK [1][-]{section.6}{Challenge}{}% 24
\BOOKMARK [1][-]{section.7}{总结}{}% 25
